2022-07-19 16:02:17,569 [main] ERROR com.airtel.helper.logging.AirtelLoggingMgr - [Ljava.lang.StackTraceElement;@6d3a388c
 2022-07-19 16:02:31,872 [main] ERROR com.airtel.helper.report.ReportHelper - Unable to close result file - org.influxdb.InfluxDBIOException: java.net.SocketTimeoutException: connect timed out
 2022-07-19 16:02:40,080 [main] ERROR com.airtel.helper.logging.AirtelLoggingMgr - [Ljava.lang.StackTraceElement;@6d3a388c
 2022-07-19 16:02:43,266 [main] INFO com.report.SentinelLogger - hosturl= https://adtech-personalization-staging.wynk.in/campaign/api/getOrderedList headers=  resCode: 400 resMsg: {
  "success": false,
  "error": {
    "code": 400303,
    "message": "User Id should have \u0027B\u0027 as a prefix."
  }
}
 2022-07-19 16:02:54,546 [main] ERROR com.airtel.helper.report.ReportHelper - Unable to close result file - org.influxdb.InfluxDBIOException: java.net.SocketTimeoutException: connect timed out
 2022-07-19 16:03:51,265 [main] ERROR com.airtel.helper.logging.AirtelLoggingMgr - [Ljava.lang.StackTraceElement;@6d3a388c
 2022-07-19 16:03:53,537 [main] INFO com.report.SentinelLogger - hosturl= https://adtech-personalization-staging.wynk.in/campaign/api/getOrderedList headers=  resCode: 200 resMsg: [
  {
    "adspot": "adspot3",
    "campaigns": []
  },
  {
    "adspot": "adspot1",
    "campaigns": []
  },
  {
    "adspot": "adspot2",
    "campaigns": []
  }
]
 2022-07-19 16:04:04,863 [main] ERROR com.airtel.helper.report.ReportHelper - Unable to close result file - org.influxdb.InfluxDBIOException: java.net.SocketTimeoutException: connect timed out
 2022-07-19 16:05:34,477 [main] ERROR com.airtel.helper.logging.AirtelLoggingMgr - [Ljava.lang.StackTraceElement;@6d3a388c
 2022-07-19 16:05:39,078 [main] INFO com.report.SentinelLogger - hosturl= https://adtech-personalization-staging.wynk.in/campaign/api/getOrderedList headers=  resCode: 400 resMsg: {
  "success": false,
  "error": {
    "code": 400303,
    "message": "User Id should have \u0027B\u0027 as a prefix."
  }
}
 2022-07-19 16:05:50,399 [main] ERROR com.airtel.helper.report.ReportHelper - Unable to close result file - org.influxdb.InfluxDBIOException: java.net.SocketTimeoutException: connect timed out
 2022-07-19 16:37:31,358 [main] ERROR com.airtel.helper.logging.AirtelLoggingMgr - [Ljava.lang.StackTraceElement;@6d3a388c
 2022-07-19 16:37:35,736 [main] INFO com.report.SentinelLogger - hosturl= https://adtech-personalization-staging.wynk.in/campaign/api/getOrderedList headers=  resCode: 400 resMsg: {
  "success": false,
  "error": {
    "code": 400303,
    "message": "User Id should have \u0027B\u0027 as a prefix."
  }
}
 2022-07-19 16:37:47,029 [main] ERROR com.airtel.helper.report.ReportHelper - Unable to close result file - org.influxdb.InfluxDBIOException: java.net.SocketTimeoutException: connect timed out
 2022-07-19 18:12:33,147 [main] ERROR com.airtel.helper.logging.AirtelLoggingMgr - [Ljava.lang.StackTraceElement;@6d3a388c
 2022-07-19 18:13:51,544 [main] ERROR com.airtel.helper.report.ReportHelper - Unable to close result file - org.influxdb.InfluxDBIOException: java.net.SocketTimeoutException: connect timed out
 2022-07-19 18:15:20,770 [main] ERROR com.airtel.helper.logging.AirtelLoggingMgr - [Ljava.lang.StackTraceElement;@6d3a388c
 2022-07-19 18:15:23,956 [main] INFO com.report.SentinelLogger - hosturl= https://adtech-personalization-staging.wynk.in/campaign/api/getOrderedList headers=  resCode: 400 resMsg: {
  "success": false,
  "error": {
    "code": 400303,
    "message": "User Id should have \u0027B\u0027 as a prefix."
  }
}
 2022-07-19 18:15:23,965 [main] ERROR com.report.SentinelLogger - <a href='./comparatorReport//compareResult_5cdd8367-7be9-4abe-a824-71e722b819f4.html'>https://airteldigital.atlassian.net/projects/ADT?selectedItem=com.atlassian.plugins.atlassian-connect-plugin:com.kanoah.test-manager__main-project-page#!/testPlayer/ADT-R6</a>
 2022-07-19 18:15:35,302 [main] ERROR com.airtel.helper.report.ReportHelper - Unable to close result file - org.influxdb.InfluxDBIOException: java.net.SocketTimeoutException: connect timed out
 2022-07-19 18:16:39,452 [main] ERROR com.airtel.helper.logging.AirtelLoggingMgr - [Ljava.lang.StackTraceElement;@6d3a388c
 2022-07-19 18:16:42,503 [main] INFO com.report.SentinelLogger - hosturl= https://adtech-personalization-staging.wynk.in/campaign/api/getOrderedList headers=  resCode: 400 resMsg: {
  "success": false,
  "error": {
    "code": 400303,
    "message": "User Id should have \u0027B\u0027 as a prefix."
  }
}
 2022-07-19 18:16:42,507 [main] ERROR com.report.SentinelLogger - <a href='./comparatorReport//compareResult_2e3659d7-040d-45f4-8dcf-a7ce13186f37.html'>https://airteldigital.atlassian.net/projects/ADT?selectedItem=com.atlassian.plugins.atlassian-connect-plugin:com.kanoah.test-manager__main-project-page#!/testPlayer/ADT-R6</a>
 2022-07-19 18:16:53,787 [main] ERROR com.airtel.helper.report.ReportHelper - Unable to close result file - org.influxdb.InfluxDBIOException: java.net.SocketTimeoutException: connect timed out
 2022-07-19 18:17:48,359 [main] ERROR com.airtel.helper.logging.AirtelLoggingMgr - [Ljava.lang.StackTraceElement;@6d3a388c
 2022-07-19 18:17:51,565 [main] INFO com.report.SentinelLogger - hosturl= https://adtech-personalization-staging.wynk.in/campaign/api/getOrderedList headers=  resCode: 400 resMsg: {
  "success": false,
  "error": {
    "code": 400303,
    "message": "User Id should have \u0027B\u0027 as a prefix."
  }
}
 2022-07-19 18:17:51,567 [main] ERROR com.report.SentinelLogger - <a href='./comparatorReport//compareResult_2c39334d-0392-40e3-8d82-93d5e1d26c6d.html'>Incorrect status code</a>
 2022-07-19 18:18:02,817 [main] ERROR com.airtel.helper.report.ReportHelper - Unable to close result file - org.influxdb.InfluxDBIOException: java.net.SocketTimeoutException: connect timed out
 2022-07-19 18:20:14,786 [main] ERROR com.airtel.helper.logging.AirtelLoggingMgr - [Ljava.lang.StackTraceElement;@6d3a388c
 2022-07-19 18:20:18,011 [main] INFO com.report.SentinelLogger - hosturl= https://adtech-personalization-staging.wynk.in/campaign/api/getOrderedList headers=  resCode: 400 resMsg: {
  "success": false,
  "error": {
    "code": 400303,
    "message": "User Id should have \u0027B\u0027 as a prefix."
  }
}
 2022-07-19 18:20:29,449 [main] ERROR com.airtel.helper.report.ReportHelper - Unable to close result file - org.influxdb.InfluxDBIOException: java.net.SocketTimeoutException: connect timed out
 2022-07-19 18:36:13,126 [main] ERROR com.airtel.helper.logging.AirtelLoggingMgr - [Ljava.lang.StackTraceElement;@550ee7e5
 2022-07-19 18:36:15,779 [TestNG-test=PersonalizationApiTests-1] INFO com.report.SentinelLogger - hosturl= https://adtech-personalization-staging.wynk.in/campaign/api/getOrderedList headers=  resCode: 400 resMsg: {
  "success": false,
  "error": {
    "code": 400303,
    "message": "User Id should have \u0027B\u0027 as a prefix."
  }
}
 2022-07-19 18:36:27,006 [main] ERROR com.airtel.helper.report.ReportHelper - Unable to close result file - org.influxdb.InfluxDBIOException: java.net.SocketTimeoutException: connect timed out
 2022-07-19 18:48:12,111 [main] ERROR com.airtel.helper.logging.AirtelLoggingMgr - [Ljava.lang.StackTraceElement;@5fe94a96
 2022-07-19 18:48:14,628 [main] INFO com.report.SentinelLogger - hosturl= https://adtech-personalization-staging.wynk.in/campaign/api/getOrderedList headers=  resCode: 400 resMsg: {
  "success": false,
  "error": {
    "code": 400303,
    "message": "User Id should have \u0027B\u0027 as a prefix."
  }
}
 2022-07-19 18:48:14,644 [main] ERROR com.airtel.helper.report.ReportHelper - Unable to close result file - java.lang.NullPointerException
 2022-07-19 18:49:49,976 [main] ERROR com.airtel.helper.logging.AirtelLoggingMgr - [Ljava.lang.StackTraceElement;@6d3a388c
 2022-07-19 18:49:52,642 [main] INFO com.report.SentinelLogger - hosturl= https://adtech-personalization-staging.wynk.in/campaign/api/getOrderedList headers=  resCode: 400 resMsg: {
  "success": false,
  "error": {
    "code": 400303,
    "message": "User Id should have \u0027B\u0027 as a prefix."
  }
}
 2022-07-19 18:50:03,916 [main] ERROR com.airtel.helper.report.ReportHelper - Unable to close result file - org.influxdb.InfluxDBIOException: java.net.SocketTimeoutException: connect timed out
 2022-07-19 18:54:51,642 [main] ERROR com.airtel.helper.logging.AirtelLoggingMgr - [Ljava.lang.StackTraceElement;@5fe94a96
 2022-07-19 18:54:54,199 [main] INFO com.report.SentinelLogger - hosturl= https://adtech-personalization-staging.wynk.in/campaign/api/getOrderedList headers=  resCode: 400 resMsg: {
  "success": false,
  "error": {
    "code": 400303,
    "message": "User Id should have \u0027B\u0027 as a prefix."
  }
}
 2022-07-19 18:54:54,223 [main] ERROR com.airtel.helper.report.ReportHelper - Unable to close result file - java.lang.NullPointerException
 