2022-07-14 10:55:07,341 [main] ERROR com.airtel.helper.logging.AirtelLoggingMgr - [Ljava.lang.StackTraceElement;@4f49f6af
 2022-07-14 10:55:09,512 [main] INFO com.report.SentinelLogger - hosturl= https://adconfig.wynk.in/wynk/ads/v3/adsConfig headers= x-auth-token : Bearer eyJhbGciOiJSUzI1NiJ9.eyJpc3MiOiJ1c2VyLXRhcmdldGluZy1hcGktcHJvZCIsInN1YiI6ImZWUm5VNUxsaExOdTNsTk5MMCIsImdhIjpbIlJFQURfQUNDRVNTIl0sImV4cCI6MTY1NTI3NTQwNSwiaWF0IjoxNjU1MTAyNjA1LCJqdGkiOiIyYmMxNzNjZi01MTI3LTRiNmMtYTIzZi1iZDFiZjg3NWUzYzAifQ.kNuViP4rTtWQXsQkMzP8pRsZaKaRTO68FDuv1PErw2cT4OmBJtUBhBhQKPoudrTf_8F7DYnZK2Io65_lPARceCzJ2CQ90o6zZQtm2OP2N6yh3sZhTAULUzXJrYbg_A1drdSANLox7dkGkHnqailvb9KylBAnUrjBcif7kiEx_LMFyjzSAmYivXfb5XIWxya15nw5TfhiG5Ol3UV4_pDB9wWzwmxLF-Fv9l9wUx5kr3gtyDxRdhwiOvV-Bh9vB2_SYo0vTzbUQIxhn7HJxy5xH6jnlYNp6ZEuofzz3xHUAYQ2lQf__F3bnqZoiizJmEgB2c1wohAppZvQZDpN_bafGgx-client-id : MUSIC_APPx-wynk-did : 223f02b897ee0a22|Phone|Android|28|12605|1.22.0 resCode: 401 resMsg: {
  "timestamp": "2022-07-14T05:25:09.523+0000",
  "status": 401,
  "error": "Unauthorized",
  "message": "Unauthorized",
  "path": "/wynk/ads/v3/adsConfig"
}
 2022-07-14 10:55:09,518 [main] ERROR com.report.SentinelLogger - <a href='./comparatorReport//compareResult_39fadb4c-07ec-4d8e-8a82-25994df2e620.html'>HTTP status check failure</a>
 2022-07-14 10:55:19,786 [main] ERROR com.airtel.helper.report.ReportHelper - Unable to close result file - org.influxdb.InfluxDBIOException: java.net.SocketTimeoutException: connect timed out
 2022-07-14 11:59:01,496 [main] ERROR com.airtel.helper.logging.AirtelLoggingMgr - [Ljava.lang.StackTraceElement;@3576ddc2
 2022-07-14 13:06:58,834 [main] ERROR com.airtel.helper.logging.AirtelLoggingMgr - [Ljava.lang.StackTraceElement;@3576ddc2
 2022-07-14 13:08:02,535 [main] ERROR com.airtel.helper.logging.AirtelLoggingMgr - [Ljava.lang.StackTraceElement;@3576ddc2
 2022-07-14 13:20:20,088 [main] ERROR com.airtel.helper.logging.AirtelLoggingMgr - [Ljava.lang.StackTraceElement;@3576ddc2
 2022-07-14 13:20:21,806 [main] ERROR com.airtel.helper.report.FileHelper - Error while creating JSON file - java.io.FileNotFoundException: null/Requests/Requests__34009c3d-772c-49ff-b878-8ece4b210044.json (No such file or directory)
 2022-07-14 13:20:21,806 [main] ERROR com.airtel.helper.report.FileHelper - Error while creating reponse JSON file - java.io.FileNotFoundException: null/Responses/Responses__5a5e15ec-e5cf-4a85-93b2-1dec63405fd1.json (No such file or directory)
 2022-07-14 13:20:21,807 [main] ERROR com.airtel.helper.report.ReportHelper - Append to HTML failed - [Ljava.lang.StackTraceElement;@18a645fd
 2022-07-14 13:20:21,810 [main] INFO com.report.SentinelLogger - hosturl= https://adconfig.wynk.in/wynk/ads/v3/adsConfig headers= x-auth-token : Bearer eyJhbGciOiJSUzI1NiJ9.eyJpc3MiOiJ1c2VyLXRhcmdldGluZy1hcGktcHJvZCIsInN1YiI6ImZWUm5VNUxsaExOdTNsTk5MMCIsImdhIjpbIlJFQURfQUNDRVNTIl0sImV4cCI6MTY1Nzk1Njc1OCwiaWF0IjoxNjU3NzgzOTU4LCJqdGkiOiI4OGZlYjM0Ni00YWVhLTQyODYtYThhYS05MzBlNDEyYjE3M2QifQ.Y1o2IAw02uBaBRzvtYYCKvlzoGWE90dRboMPIbEo0a7AN4YUMR72Ui_zEZLwC4hv3oYAKXb6SNmALxXiKzvtyIJsGt84TFB2PJN-4qexVNxysUPJR2PxLdRs4WuzVjKHdEh1hslRs2u5R7gu758U6B8xlh9pm1YTxp3gBpzDgx8dygFblXTNkovzcxFiznLj0tf2F0ICVAZGEjmC0UfHgKFcXHX5WDCdtuGtTSosHSSuKV98flyjW1aM-v55Gi7WcejYlrCuTBax-nWfWv-H-X2cRXoNoXZ2RrEFL2mVRPon8KG0vc_b6CucI44gACloVt47kcMJrMtVJIc98MwyuAx-client-id : AIRTEL_THANKSx-wynk-did : 53d7b77257fd991c|Phone|Android|28|12605|1.22.0x-bsy-utkn : hDN1MYuq6nS5JsvAd0:cILQkGI02VrmzsyIex0KB2ST2LI=x-bsy-did : 53d7b77257fd991c==x-bsy-dt : El6I6VXg resCode: 400 resMsg: {
  "errorCode": "UT025",
  "errorTitle": "Error in Thanks App Headers",
  "error": "Required Headers Missing",
  "success": false,
  "requestId": "0.4698316-1657785021778"
}
 2022-07-14 13:20:21,970 [main] ERROR com.airtel.helper.report.ComparatorReportGenerator - Error with compartor report creationjava.io.FileNotFoundException: null/comparatorReport/compareResult_fe60d814-63dc-4506-b0d3-731ffb8154b8.html (No such file or directory)
 2022-07-14 13:20:21,971 [main] ERROR com.airtel.helper.report.ComparatorReportGenerator - Error with adding Html reportjava.io.FileNotFoundException: null/comparatorReport/compareResult_fe60d814-63dc-4506-b0d3-731ffb8154b8.html (No such file or directory)
 2022-07-14 13:20:21,971 [main] ERROR com.airtel.helper.report.ComparatorReportGenerator - Not able to close reportjava.io.FileNotFoundException: null/comparatorReport/compareResult_fe60d814-63dc-4506-b0d3-731ffb8154b8.html (No such file or directory)
 2022-07-14 13:20:21,971 [main] ERROR com.airtel.helper.report.ReportHelper - Append to HTML failed - [Ljava.lang.StackTraceElement;@59546cfe
 2022-07-14 13:20:21,971 [main] ERROR com.report.SentinelLogger - <a href='./comparatorReport//compareResult_fe60d814-63dc-4506-b0d3-731ffb8154b8.html'>HTTP status check failure</a>
 2022-07-14 13:21:11,747 [main] ERROR com.airtel.helper.logging.AirtelLoggingMgr - [Ljava.lang.StackTraceElement;@3576ddc2
 2022-07-14 13:21:13,370 [main] ERROR com.airtel.helper.report.FileHelper - Error while creating JSON file - java.io.FileNotFoundException: null/Requests/Requests__5efabe2f-3f4a-4c41-9cf1-e528d3f4e7a0.json (No such file or directory)
 2022-07-14 13:21:13,371 [main] ERROR com.airtel.helper.report.FileHelper - Error while creating reponse JSON file - java.io.FileNotFoundException: null/Responses/Responses__0126b414-0557-4042-85c7-a8cf25f1e1a4.json (No such file or directory)
 2022-07-14 13:21:13,371 [main] ERROR com.airtel.helper.report.ReportHelper - Append to HTML failed - [Ljava.lang.StackTraceElement;@18a645fd
 2022-07-14 13:21:13,375 [main] INFO com.report.SentinelLogger - hosturl= https://adconfig.wynk.in/wynk/ads/v3/adsConfig headers= x-auth-token : Bearer eyJhbGciOiJSUzI1NiJ9.eyJpc3MiOiJ1c2VyLXRhcmdldGluZy1hcGktcHJvZCIsInN1YiI6ImZWUm5VNUxsaExOdTNsTk5MMCIsImdhIjpbIlJFQURfQUNDRVNTIl0sImV4cCI6MTY1Nzk1Njc1OCwiaWF0IjoxNjU3NzgzOTU4LCJqdGkiOiI4OGZlYjM0Ni00YWVhLTQyODYtYThhYS05MzBlNDEyYjE3M2QifQ.Y1o2IAw02uBaBRzvtYYCKvlzoGWE90dRboMPIbEo0a7AN4YUMR72Ui_zEZLwC4hv3oYAKXb6SNmALxXiKzvtyIJsGt84TFB2PJN-4qexVNxysUPJR2PxLdRs4WuzVjKHdEh1hslRs2u5R7gu758U6B8xlh9pm1YTxp3gBpzDgx8dygFblXTNkovzcxFiznLj0tf2F0ICVAZGEjmC0UfHgKFcXHX5WDCdtuGtTSosHSSuKV98flyjW1aM-v55Gi7WcejYlrCuTBax-nWfWv-H-X2cRXoNoXZ2RrEFL2mVRPon8KG0vc_b6CucI44gACloVt47kcMJrMtVJIc98MwyuAx-client-id : AIRTEL_THANKSx-wynk-did : 53d7b77257fd991c|Phone|Android|28|12605|1.22.0x-bsy-utkn : hDN1MYuq6nS5JsvAd0:cILQkGI02VrmzsyIex0KB2ST2LI=x-bsy-did : 53d7b77257fd991c==x-bsy-dt : El6I6VXg resCode: 400 resMsg: {
  "errorCode": "UT025",
  "errorTitle": "Error in Thanks App Headers",
  "error": "Required Headers Missing",
  "success": false,
  "requestId": "0.4122551-1657785073346"
}
 2022-07-14 13:21:13,562 [main] ERROR com.airtel.helper.report.ComparatorReportGenerator - Error with compartor report creationjava.io.FileNotFoundException: null/comparatorReport/compareResult_105e6ca2-ff2e-46f7-85b8-81dc7719b8a4.html (No such file or directory)
 2022-07-14 13:21:13,563 [main] ERROR com.airtel.helper.report.ComparatorReportGenerator - Error with adding Html reportjava.io.FileNotFoundException: null/comparatorReport/compareResult_105e6ca2-ff2e-46f7-85b8-81dc7719b8a4.html (No such file or directory)
 2022-07-14 13:21:13,563 [main] ERROR com.airtel.helper.report.ComparatorReportGenerator - Not able to close reportjava.io.FileNotFoundException: null/comparatorReport/compareResult_105e6ca2-ff2e-46f7-85b8-81dc7719b8a4.html (No such file or directory)
 2022-07-14 13:21:13,563 [main] ERROR com.airtel.helper.report.ReportHelper - Append to HTML failed - [Ljava.lang.StackTraceElement;@59546cfe
 2022-07-14 13:21:13,564 [main] ERROR com.report.SentinelLogger - <a href='./comparatorReport//compareResult_105e6ca2-ff2e-46f7-85b8-81dc7719b8a4.html'>HTTP status check failure</a>
 2022-07-14 13:26:54,913 [main] ERROR com.airtel.helper.logging.AirtelLoggingMgr - [Ljava.lang.StackTraceElement;@3576ddc2
 2022-07-14 13:26:56,795 [main] ERROR com.airtel.helper.report.FileHelper - Error while creating JSON file - java.io.FileNotFoundException: null/Requests/Requests__9ede1020-6719-4845-8ce6-b1987924e798.json (No such file or directory)
 2022-07-14 13:26:56,796 [main] ERROR com.airtel.helper.report.FileHelper - Error while creating reponse JSON file - java.io.FileNotFoundException: null/Responses/Responses__2c9411c0-57e3-4f98-9e65-d56f14bf2242.json (No such file or directory)
 2022-07-14 13:26:56,796 [main] ERROR com.airtel.helper.report.ReportHelper - Append to HTML failed - [Ljava.lang.StackTraceElement;@bdecc21
 2022-07-14 13:26:56,800 [main] INFO com.report.SentinelLogger - hosturl= https://adconfig.wynk.in/wynk/ads/v3/adsConfig headers= x-auth-token : Bearer eyJhbGciOiJSUzI1NiJ9.eyJpc3MiOiJ1c2VyLXRhcmdldGluZy1hcGktcHJvZCIsInN1YiI6ImZWUm5VNUxsaExOdTNsTk5MMCIsImdhIjpbIlJFQURfQUNDRVNTIl0sImV4cCI6MTY1Nzk1Njc1OCwiaWF0IjoxNjU3NzgzOTU4LCJqdGkiOiI4OGZlYjM0Ni00YWVhLTQyODYtYThhYS05MzBlNDEyYjE3M2QifQ.Y1o2IAw02uBaBRzvtYYCKvlzoGWE90dRboMPIbEo0a7AN4YUMR72Ui_zEZLwC4hv3oYAKXb6SNmALxXiKzvtyIJsGt84TFB2PJN-4qexVNxysUPJR2PxLdRs4WuzVjKHdEh1hslRs2u5R7gu758U6B8xlh9pm1YTxp3gBpzDgx8dygFblXTNkovzcxFiznLj0tf2F0ICVAZGEjmC0UfHgKFcXHX5WDCdtuGtTSosHSSuKV98flyjW1aM-v55Gi7WcejYlrCuTBax-nWfWv-H-X2cRXoNoXZ2RrEFL2mVRPon8KG0vc_b6CucI44gACloVt47kcMJrMtVJIc98MwyuAx-client-id : AIRTEL_THANKSx-wynk-did : 53d7b77257fd991c|Phone|Android|28|12605|1.22.0x-bsy-utkn : hDN1MYuq6nS5JsvAd0:cILQkGI02VrmzsyIex0KB2ST2LI=x-bsy-did : 53d7b77257fd991c==x-bsy-dt : El6I6VXg resCode: 400 resMsg: {
  "errorCode": "UT025",
  "errorTitle": "Error in Thanks App Headers",
  "error": "Required Headers Missing",
  "success": false,
  "requestId": "0.04459238-1657785416745"
}
 2022-07-14 13:26:56,973 [main] ERROR com.airtel.helper.report.ComparatorReportGenerator - Error with compartor report creationjava.io.FileNotFoundException: null/comparatorReport/compareResult_31352623-bd86-4976-9b7f-fa81fb5f01de.html (No such file or directory)
 2022-07-14 13:26:56,974 [main] ERROR com.airtel.helper.report.ComparatorReportGenerator - Error with adding Html reportjava.io.FileNotFoundException: null/comparatorReport/compareResult_31352623-bd86-4976-9b7f-fa81fb5f01de.html (No such file or directory)
 2022-07-14 13:26:56,974 [main] ERROR com.airtel.helper.report.ComparatorReportGenerator - Not able to close reportjava.io.FileNotFoundException: null/comparatorReport/compareResult_31352623-bd86-4976-9b7f-fa81fb5f01de.html (No such file or directory)
 2022-07-14 13:26:56,975 [main] ERROR com.airtel.helper.report.ReportHelper - Append to HTML failed - [Ljava.lang.StackTraceElement;@f72203
 2022-07-14 13:26:56,975 [main] ERROR com.report.SentinelLogger - <a href='./comparatorReport//compareResult_31352623-bd86-4976-9b7f-fa81fb5f01de.html'>HTTP status check failure</a>
 2022-07-14 13:29:27,641 [main] ERROR com.airtel.helper.logging.AirtelLoggingMgr - [Ljava.lang.StackTraceElement;@3576ddc2
 2022-07-14 13:31:07,708 [main] ERROR com.airtel.helper.logging.AirtelLoggingMgr - [Ljava.lang.StackTraceElement;@81d9a72
 2022-07-14 13:34:47,681 [main] ERROR com.airtel.helper.logging.AirtelLoggingMgr - [Ljava.lang.StackTraceElement;@3576ddc2
 2022-07-14 13:34:49,414 [main] ERROR com.airtel.helper.report.FileHelper - Error while creating JSON file - java.io.FileNotFoundException: null/Requests/Requests__824972ab-4e13-4ef4-8f0c-ab2e0e016749.json (No such file or directory)
 2022-07-14 13:34:49,415 [main] ERROR com.airtel.helper.report.FileHelper - Error while creating reponse JSON file - java.io.FileNotFoundException: null/Responses/Responses__9063b8c0-09ac-40ef-9caf-6bf3124e3bc5.json (No such file or directory)
 2022-07-14 13:34:49,415 [main] ERROR com.airtel.helper.report.ReportHelper - Append to HTML failed - [Ljava.lang.StackTraceElement;@bdecc21
 2022-07-14 13:34:49,418 [main] INFO com.report.SentinelLogger - hosturl= https://adconfig.wynk.in/wynk/ads/v3/adsConfig headers= x-auth-token : Bearer eyJhbGciOiJSUzI1NiJ9.eyJpc3MiOiJ1c2VyLXRhcmdldGluZy1hcGktcHJvZCIsInN1YiI6ImZWUm5VNUxsaExOdTNsTk5MMCIsImdhIjpbIlJFQURfQUNDRVNTIl0sImV4cCI6MTY1Nzk1Njc1OCwiaWF0IjoxNjU3NzgzOTU4LCJqdGkiOiI4OGZlYjM0Ni00YWVhLTQyODYtYThhYS05MzBlNDEyYjE3M2QifQ.Y1o2IAw02uBaBRzvtYYCKvlzoGWE90dRboMPIbEo0a7AN4YUMR72Ui_zEZLwC4hv3oYAKXb6SNmALxXiKzvtyIJsGt84TFB2PJN-4qexVNxysUPJR2PxLdRs4WuzVjKHdEh1hslRs2u5R7gu758U6B8xlh9pm1YTxp3gBpzDgx8dygFblXTNkovzcxFiznLj0tf2F0ICVAZGEjmC0UfHgKFcXHX5WDCdtuGtTSosHSSuKV98flyjW1aM-v55Gi7WcejYlrCuTBax-nWfWv-H-X2cRXoNoXZ2RrEFL2mVRPon8KG0vc_b6CucI44gACloVt47kcMJrMtVJIc98MwyuAx-client-id : AIRTEL_THANKSx-wynk-did : 53d7b77257fd991c|Phone|Android|28|12605|1.22.0x-bsy-utkn : hDN1MYuq6nS5JsvAd0:cILQkGI02VrmzsyIex0KB2ST2LI=x-bsy-did : 53d7b77257fd991c==x-bsy-dt : El6I6VXg resCode: 400 resMsg: {
  "errorCode": "UT025",
  "errorTitle": "Error in Thanks App Headers",
  "error": "Required Headers Missing",
  "success": false,
  "requestId": "0.800531-1657785889368"
}
 2022-07-14 13:34:49,587 [main] ERROR com.airtel.helper.report.ComparatorReportGenerator - Error with compartor report creationjava.io.FileNotFoundException: null/comparatorReport/compareResult_15fd5d52-9156-4a0a-8613-e60d21670649.html (No such file or directory)
 2022-07-14 13:34:49,588 [main] ERROR com.airtel.helper.report.ComparatorReportGenerator - Error with adding Html reportjava.io.FileNotFoundException: null/comparatorReport/compareResult_15fd5d52-9156-4a0a-8613-e60d21670649.html (No such file or directory)
 2022-07-14 13:34:49,588 [main] ERROR com.airtel.helper.report.ComparatorReportGenerator - Not able to close reportjava.io.FileNotFoundException: null/comparatorReport/compareResult_15fd5d52-9156-4a0a-8613-e60d21670649.html (No such file or directory)
 2022-07-14 13:34:49,588 [main] ERROR com.airtel.helper.report.ReportHelper - Append to HTML failed - [Ljava.lang.StackTraceElement;@f72203
 2022-07-14 13:34:49,588 [main] ERROR com.report.SentinelLogger - <a href='./comparatorReport//compareResult_15fd5d52-9156-4a0a-8613-e60d21670649.html'>HTTP status check failure</a>
 2022-07-14 13:39:17,124 [main] ERROR com.airtel.helper.logging.AirtelLoggingMgr - [Ljava.lang.StackTraceElement;@3576ddc2
 2022-07-14 13:39:18,837 [main] ERROR com.airtel.helper.report.FileHelper - Error while creating JSON file - java.io.FileNotFoundException: null/Requests/Requests__3be3f1ad-550b-4ece-805d-18a3690916a3.json (No such file or directory)
 2022-07-14 13:39:18,837 [main] ERROR com.airtel.helper.report.FileHelper - Error while creating reponse JSON file - java.io.FileNotFoundException: null/Responses/Responses__ba474c71-39aa-43e1-8e23-e38f61f5bc65.json (No such file or directory)
 2022-07-14 13:39:18,838 [main] ERROR com.airtel.helper.report.ReportHelper - Append to HTML failed - [Ljava.lang.StackTraceElement;@bdecc21
 2022-07-14 13:39:18,841 [main] INFO com.report.SentinelLogger - hosturl= https://adconfig.wynk.in/wynk/ads/v3/adsConfig headers= x-auth-token : Bearer eyJhbGciOiJSUzI1NiJ9.eyJpc3MiOiJ1c2VyLXRhcmdldGluZy1hcGktcHJvZCIsInN1YiI6ImZWUm5VNUxsaExOdTNsTk5MMCIsImdhIjpbIlJFQURfQUNDRVNTIl0sImV4cCI6MTY1Nzk1Njc1OCwiaWF0IjoxNjU3NzgzOTU4LCJqdGkiOiI4OGZlYjM0Ni00YWVhLTQyODYtYThhYS05MzBlNDEyYjE3M2QifQ.Y1o2IAw02uBaBRzvtYYCKvlzoGWE90dRboMPIbEo0a7AN4YUMR72Ui_zEZLwC4hv3oYAKXb6SNmALxXiKzvtyIJsGt84TFB2PJN-4qexVNxysUPJR2PxLdRs4WuzVjKHdEh1hslRs2u5R7gu758U6B8xlh9pm1YTxp3gBpzDgx8dygFblXTNkovzcxFiznLj0tf2F0ICVAZGEjmC0UfHgKFcXHX5WDCdtuGtTSosHSSuKV98flyjW1aM-v55Gi7WcejYlrCuTBax-nWfWv-H-X2cRXoNoXZ2RrEFL2mVRPon8KG0vc_b6CucI44gACloVt47kcMJrMtVJIc98MwyuAx-client-id : AIRTEL_THANKSx-wynk-did : 53d7b77257fd991c|Phone|Android|28|12605|1.22.0x-bsy-utkn : hDN1MYuq6nS5JsvAd0:cILQkGI02VrmzsyIex0KB2ST2LI=x-bsy-did : 53d7b77257fd991c==x-bsy-dt : El6I6VXg resCode: 400 resMsg: {
  "errorCode": "UT025",
  "errorTitle": "Error in Thanks App Headers",
  "error": "Required Headers Missing",
  "success": false,
  "requestId": "0.19539618-1657786158837"
}
 2022-07-14 13:41:08,480 [main] ERROR com.airtel.helper.logging.AirtelLoggingMgr - [Ljava.lang.StackTraceElement;@3576ddc2
 2022-07-14 13:41:10,185 [main] ERROR com.airtel.helper.report.FileHelper - Error while creating JSON file - java.io.FileNotFoundException: null/Requests/Requests__74641ed1-27b1-4adf-be41-6549354ad427.json (No such file or directory)
 2022-07-14 13:41:10,186 [main] ERROR com.airtel.helper.report.FileHelper - Error while creating reponse JSON file - java.io.FileNotFoundException: null/Responses/Responses__993c8f50-2e76-4daf-81f9-0946dbf9292b.json (No such file or directory)
 2022-07-14 13:41:10,186 [main] ERROR com.airtel.helper.report.ReportHelper - Append to HTML failed - [Ljava.lang.StackTraceElement;@bdecc21
 2022-07-14 13:41:10,189 [main] INFO com.report.SentinelLogger - hosturl= https://adconfig.wynk.in/wynk/ads/v3/adsConfig headers= x-auth-token : Bearer eyJhbGciOiJSUzI1NiJ9.eyJpc3MiOiJ1c2VyLXRhcmdldGluZy1hcGktcHJvZCIsInN1YiI6ImZWUm5VNUxsaExOdTNsTk5MMCIsImdhIjpbIlJFQURfQUNDRVNTIl0sImV4cCI6MTY1Nzk1Njc1OCwiaWF0IjoxNjU3NzgzOTU4LCJqdGkiOiI4OGZlYjM0Ni00YWVhLTQyODYtYThhYS05MzBlNDEyYjE3M2QifQ.Y1o2IAw02uBaBRzvtYYCKvlzoGWE90dRboMPIbEo0a7AN4YUMR72Ui_zEZLwC4hv3oYAKXb6SNmALxXiKzvtyIJsGt84TFB2PJN-4qexVNxysUPJR2PxLdRs4WuzVjKHdEh1hslRs2u5R7gu758U6B8xlh9pm1YTxp3gBpzDgx8dygFblXTNkovzcxFiznLj0tf2F0ICVAZGEjmC0UfHgKFcXHX5WDCdtuGtTSosHSSuKV98flyjW1aM-v55Gi7WcejYlrCuTBax-nWfWv-H-X2cRXoNoXZ2RrEFL2mVRPon8KG0vc_b6CucI44gACloVt47kcMJrMtVJIc98MwyuAx-client-id : AIRTEL_THANKSx-wynk-did : 53d7b77257fd991c|Phone|Android|28|12605|1.22.0x-bsy-utkn : hDN1MYuq6nS5JsvAd0:cILQkGI02VrmzsyIex0KB2ST2LI=x-bsy-did : 53d7b77257fd991c==x-bsy-dt : El6I6VXgx-bsy-advId : test1 resCode: 200 resMsg: {
  "enabled": true,
  "bannerAds": {
    "slotConfigs": {
      "Feed_Homepage_MastHead": [
        {
          "source": "DFP",
          "adSize": "large",
          "adUnitIds": [
            "/417241724/Feed_Homepage_MastHead"
          ],
          "refreshInterval": 30000,
          "adTemplates": [
            "11767767"
          ]
        }
      ],
      "Thanks_And_Pri_HP_Slot4": [
        {
          "source": "VMAX",
          "adSize": "small",
          "adUnitIds": [
            "V02887838"
          ],
          "refreshInterval": 30000,
          "adTemplates": [
            "39555d7a"
          ]
        }
      ],
      "Thanks_And_Pri_HP_Slot3": [
        {
          "source": "VMAX",
          "adSize": "small",
          "adUnitIds": [
            "758f48ae"
          ],
          "refreshInterval": 30000,
          "adTemplates": [
            "39555d7a"
          ]
        }
      ],
      "Feed_LIVETVChannelCatalogue_Banner_1": [
        {
          "source": "DFP",
          "adSize": "small",
          "adUnitIds": [
            "/417241724/Feed_LIVETVChannelCatalogue_Banner_1"
          ],
          "refreshInterval": 30000,
          "adTemplates": [
            "10131484"
          ]
        }
      ],
      "Thanks_And_Pri_HP_Slot6": [
        {
          "source": "VMAX",
          "adSize": "small",
          "adUnitIds": [
            "ec861914"
          ],
          "refreshInterval": 30000,
          "adTemplates": [
            "39555d7a"
          ]
        }
      ],
      "Feed_LIVETVChannelCatalogue_Banner_2": [
        {
          "source": "DFP",
          "adSize": "small",
          "adUnitIds": [
            "/417241724/Feed_LIVETVChannelCatalogue_Banner_2"
          ],
          "refreshInterval": 30000,
          "adTemplates": [
            "10131484"
          ]
        }
      ],
      "Thanks_And_Pri_HP_Slot5": [
        {
          "source": "VMAX",
          "adSize": "small",
          "adUnitIds": [
            "9b812982"
          ],
          "refreshInterval": 30000,
          "adTemplates": [
            "39555d7a"
          ]
        }
      ],
      "Thanks_And_Pri_HP_Slot2": [
        {
          "source": "VMAX",
          "adSize": "small",
          "adUnitIds": [
            "ebebdd0d"
          ],
          "refreshInterval": 30000,
          "adTemplates": [
            "39555d7a"
          ]
        }
      ],
      "Thanks_And_Pri_HP_Slot1": [
        {
          "source": "VMAX",
          "adSize": "small",
          "adUnitIds": [
            "9ceced9b"
          ],
          "refreshInterval": 30000,
          "adTemplates": [
            "39555d7a"
          ]
        }
      ],
      "Thanks_And_Home_Pri_Rail": [
        {
          "source": "VMAX",
          "adSize": "small",
          "adUnitIds": [
            "9ceced9b",
            "ebebdd0d",
            "758f48ae",
            "V02887838",
            "9b812982",
            "ec861914"
          ],
          "refreshInterval": 20000,
          "adTemplates": [
            "39555d7a",
            "39555d7a",
            "39555d7a",
            "39555d7a",
            "39555d7a",
            "39555d7a"
          ]
        }
      ],
      "Feed_LIVE_TVDetail_Banner": [
        {
          "source": "DFP",
          "adSize": "small",
          "adUnitIds": [
            "/417241724/Feed_LIVE_TVDetail_Banner"
          ],
          "refreshInterval": 30000,
          "adTemplates": [
            "10131364"
          ]
        }
      ],
      "Feed_LIVETVShowCatalogue_Banner_1": [
        {
          "source": "DFP",
          "adSize": "large",
          "adUnitIds": [
            "/417241724/Feed_LIVETVShowCatalogue_Banner_1"
          ],
          "refreshInterval": 30000,
          "adTemplates": [
            "10131484"
          ]
        }
      ],
      "Feed_LIVETVShowCatalogue_Banner_2": [
        {
          "source": "DFP",
          "adSize": "large",
          "adUnitIds": [
            "/417241724/Feed_LIVETVShowCatalogue_Banner_2"
          ],
          "refreshInterval": 30000,
          "adTemplates": [
            "10131484"
          ]
        }
      ],
      "Thanks_iOS_Pri_HP_Slot6": [
        {
          "source": "VMAX",
          "adSize": "small",
          "adUnitIds": [
            "3a296644"
          ],
          "refreshInterval": 30000,
          "adTemplates": [
            "39555d7a"
          ]
        }
      ],
      "Thanks_And_Home_Sec_Rail": [
        {
          "source": "VMAX",
          "adSize": "small",
          "adUnitIds": [
            "7c390485",
            "0b3e3413",
            "6bf9bdf6",
            "1cfe8d60",
            "85f7dcda",
            "f2f0ec4c"
          ],
          "refreshInterval": 20000,
          "adTemplates": [
            "39555d7a",
            "39555d7a",
            "39555d7a",
            "39555d7a",
            "39555d7a",
            "39555d7a"
          ]
        }
      ],
      "Thanks_iOS_Pri_HP_Slot5": [
        {
          "source": "VMAX",
          "adSize": "small",
          "adUnitIds": [
            "4d2e56d2"
          ],
          "refreshInterval": 30000,
          "adTemplates": [
            "39555d7a"
          ]
        }
      ],
      "DynamicBillboard_10": [
        {
          "source": "VMAX",
          "adSize": "small",
          "adUnitIds": [
            "3f021c04"
          ],
          "refreshInterval": 30000,
          "adTemplates": [
            "39555d7a"
          ]
        }
      ],
      "Feed_MusicOverlay_Banner_1": [
        {
          "source": "DFP",
          "adSize": "small",
          "adUnitIds": [
            "/417241724/Feed_MusicOverlay_Banner_1"
          ],
          "refreshInterval": 30000,
          "adTemplates": [
            "10131484"
          ]
        }
      ],
      "Thanks_iOS_Pri_HP_Slot4": [
        {
          "source": "VMAX",
          "adSize": "small",
          "adUnitIds": [
            "d4270768"
          ],
          "refreshInterval": 30000,
          "adTemplates": [
            "39555d7a"
          ]
        }
      ],
      "Thanks_iOS_Pri_HP_Slot3": [
        {
          "source": "VMAX",
          "adSize": "small",
          "adUnitIds": [
            "a32037fe"
          ],
          "refreshInterval": 30000,
          "adTemplates": [
            "39555d7a"
          ]
        }
      ],
      "Feed_Homepage_Banner_2": [
        {
          "source": "DFP",
          "adSize": "large",
          "adUnitIds": [
            "/417241724/Feed_Homepage_Banner_2"
          ],
          "refreshInterval": 30000,
          "adTemplates": [
            "10131484"
          ]
        }
      ],
      "Thanks_iOS_Pri_HP_Slot2": [
        {
          "source": "VMAX",
          "adSize": "small",
          "adUnitIds": [
            "c3e7be1b"
          ],
          "refreshInterval": 30000,
          "adTemplates": [
            "39555d7a"
          ]
        }
      ],
      "Feed_Homepage_Banner_1": [
        {
          "source": "DFP",
          "adSize": "large",
          "adUnitIds": [
            "/417241724/Feed_Homepage_Banner_1"
          ],
          "refreshInterval": 30000,
          "adTemplates": [
            "10131484"
          ]
        }
      ],
      "Thanks_iOS_Pri_HP_Slot1": [
        {
          "source": "VMAX",
          "adSize": "small",
          "adUnitIds": [
            "b4e08e8d"
          ],
          "refreshInterval": 30000,
          "adTemplates": [
            "39555d7a"
          ]
        }
      ],
      "Thanks_And_Pay_PrimaryRail": [
        {
          "source": "VMAX",
          "adSize": "small",
          "adUnitIds": [
            "32f8a4e3",
            "abf1f559",
            "d34ac371",
            "dcf6c5cf",
            "4c49d85e",
            "3b4ee8c8"
          ],
          "refreshInterval": 30000,
          "adTemplates": [
            "39555d7a",
            "39555d7a",
            "39555d7a",
            "39555d7a",
            "39555d7a",
            "39555d7a"
          ]
        }
      ],
      "Thanks_And_Sec_HP_Slot5": [
        {
          "source": "VMAX",
          "adSize": "small",
          "adUnitIds": [
            "85f7dcda"
          ],
          "refreshInterval": 30000,
          "adTemplates": [
            "39555d7a"
          ]
        }
      ],
      "Thanks_iOS_Home_Pri_Rail": [
        {
          "source": "VMAX",
          "adSize": "small",
          "adUnitIds": [
            "b4e08e8d",
            "c3e7be1b",
            "a32037fe",
            "d4270768",
            "4d2e56d2",
            "3a296644"
          ],
          "refreshInterval": 30000,
          "adTemplates": [
            "39555d7a"
          ]
        }
      ],
      "Thanks_iOS_Home_Sec_Rail": [
        {
          "source": "VMAX",
          "adSize": "small",
          "adUnitIds": [
            "adfbbfcc",
            "dafc8f5a",
            "70a432ee",
            "07a30278",
            "9eaa53c2",
            "e9ad6354"
          ],
          "refreshInterval": 30000,
          "adTemplates": [
            "39555d7a"
          ]
        }
      ],
      "Thanks_And_Sec_HP_Slot6": [
        {
          "source": "VMAX",
          "adSize": "small",
          "adUnitIds": [
            "f2f0ec4c"
          ],
          "refreshInterval": 30000,
          "adTemplates": [
            "39555d7a"
          ]
        }
      ],
      "Thanks_And_Sec_HP_Slot1": [
        {
          "source": "VMAX",
          "adSize": "small",
          "adUnitIds": [
            "7c390485"
          ],
          "refreshInterval": 30000,
          "adTemplates": [
            "39555d7a"
          ]
        }
      ],
      "Thanks_And_Sec_HP_Slot2": [
        {
          "source": "VMAX",
          "adSize": "small",
          "adUnitIds": [
            "0b3e3413"
          ],
          "refreshInterval": 30000,
          "adTemplates": [
            "39555d7a"
          ]
        }
      ],
      "Thanks_And_Pay_HP_Slot1": [
        {
          "source": "VMAX",
          "adSize": "small",
          "adUnitIds": [
            "d34ac371"
          ],
          "refreshInterval": 30000,
          "adTemplates": [
            "39555d7a"
          ]
        }
      ],
      "Thanks_And_Sec_HP_Slot3": [
        {
          "source": "VMAX",
          "adSize": "small",
          "adUnitIds": [
            "6bf9bdf6"
          ],
          "refreshInterval": 30000,
          "adTemplates": [
            "39555d7a"
          ]
        }
      ],
      "Thanks_And_Sec_HP_Slot4": [
        {
          "source": "VMAX",
          "adSize": "small",
          "adUnitIds": [
            "1cfe8d60"
          ],
          "refreshInterval": 30000,
          "adTemplates": [
            "39555d7a"
          ]
        }
      ],
      "Feed_Homepage_Banner_3": [
        {
          "source": "DFP",
          "adSize": "large",
          "adUnitIds": [
            "/417241724/Feed_Homepage_Banner_3"
          ],
          "refreshInterval": 30000,
          "adTemplates": [
            "10131484"
          ]
        }
      ]
    }
  },
  "serverDetails": {
    "vmax": {
      "accountId": "207953",
      "url": "https://adserver.adtech.wynk.in/vmax/rq/prd/getad.php",
      "maxRetries": 3,
      "noRetryCodes": [
        501,
        502,
        503
      ]
    }
  },
  "params": {
    "appPackage": "com.myairtelapp",
    "ad_rq_param": "\u0026uid\u003d39c62eb522ea4fb05552325903b05ad151459ab0856e6838573e3b871850f3c3"
  },
  "featureControls": {
    "checkViewObst": "true",
    "handleRecycledImage": "true"
  }
}
 