2022-07-18 12:04:50,059 [main] ERROR com.airtel.helper.logging.AirtelLoggingMgr - [Ljava.lang.StackTraceElement;@3576ddc2
 2022-07-18 12:04:51,681 [main] ERROR com.airtel.helper.report.FileHelper - Error while creating JSON file - java.io.FileNotFoundException: null/Requests/Requests__a8e30a54-489d-4a8d-8ef9-b4ae9eaba011.json (No such file or directory)
 2022-07-18 12:04:51,682 [main] ERROR com.airtel.helper.report.FileHelper - Error while creating reponse JSON file - java.io.FileNotFoundException: null/Responses/Responses__67b35a16-7139-4642-9b45-6cffa87df614.json (No such file or directory)
 2022-07-18 12:04:51,682 [main] ERROR com.airtel.helper.report.ReportHelper - Append to HTML failed - [Ljava.lang.StackTraceElement;@6df7988f
 2022-07-18 12:04:51,685 [main] INFO com.report.SentinelLogger - hosturl= https://adconfig.wynk.in/wynk/ads/v3/adsConfig headers= x-auth-token : Bearer eyJhbGciOiJSUzI1NiJ9.eyJpc3MiOiJ1c2VyLXRhcmdldGluZy1hcGktcHJvZCIsInN1YiI6ImZWUm5VNUxsaExOdTNsTk5MMCIsImdhIjpbIlJFQURfQUNDRVNTIl0sImV4cCI6MTY1Nzk1Njc1OCwiaWF0IjoxNjU3NzgzOTU4LCJqdGkiOiI4OGZlYjM0Ni00YWVhLTQyODYtYThhYS05MzBlNDEyYjE3M2QifQ.Y1o2IAw02uBaBRzvtYYCKvlzoGWE90dRboMPIbEo0a7AN4YUMR72Ui_zEZLwC4hv3oYAKXb6SNmALxXiKzvtyIJsGt84TFB2PJN-4qexVNxysUPJR2PxLdRs4WuzVjKHdEh1hslRs2u5R7gu758U6B8xlh9pm1YTxp3gBpzDgx8dygFblXTNkovzcxFiznLj0tf2F0ICVAZGEjmC0UfHgKFcXHX5WDCdtuGtTSosHSSuKV98flyjW1aM-v55Gi7WcejYlrCuTBax-nWfWv-H-X2cRXoNoXZ2RrEFL2mVRPon8KG0vc_b6CucI44gACloVt47kcMJrMtVJIc98MwyuAx-client-id : AIRTEL_THANKSx-wynk-did : 53d7b77257fd991c|Phone|Android|28|12605|1.22.0x-bsy-utkn : hDN1MYuq6nS5JsvAd0:cILQkGI02VrmzsyIex0KB2ST2LI=x-bsy-did : 53d7b77257fd991c==x-bsy-dt : El6I6VXgx-bsy-advId : test1 resCode: 401 resMsg: {
  "timestamp": "2022-07-18T06:34:51.741+0000",
  "status": 401,
  "error": "Unauthorized",
  "message": "Unauthorized",
  "path": "/wynk/ads/v3/adsConfig"
}
 2022-07-18 22:56:55,126 [main] ERROR com.airtel.helper.logging.AirtelLoggingMgr - [Ljava.lang.StackTraceElement;@4f49f6af
 2022-07-18 22:56:59,564 [main] INFO com.report.SentinelLogger - hosturl= https://adconfig.wynk.in/wynk/ads/v3/adsConfig headers= x-auth-token : Bearer eyJhbGciOiJSUzI1NiJ9.eyJpc3MiOiJ1c2VyLXRhcmdldGluZy1hcGktcHJvZCIsInN1YiI6ImZWUm5VNUxsaExOdTNsTk5MMCIsImdhIjpbIlJFQURfQUNDRVNTIl0sImV4cCI6MTY1NTI3NTQwNSwiaWF0IjoxNjU1MTAyNjA1LCJqdGkiOiIyYmMxNzNjZi01MTI3LTRiNmMtYTIzZi1iZDFiZjg3NWUzYzAifQ.kNuViP4rTtWQXsQkMzP8pRsZaKaRTO68FDuv1PErw2cT4OmBJtUBhBhQKPoudrTf_8F7DYnZK2Io65_lPARceCzJ2CQ90o6zZQtm2OP2N6yh3sZhTAULUzXJrYbg_A1drdSANLox7dkGkHnqailvb9KylBAnUrjBcif7kiEx_LMFyjzSAmYivXfb5XIWxya15nw5TfhiG5Ol3UV4_pDB9wWzwmxLF-Fv9l9wUx5kr3gtyDxRdhwiOvV-Bh9vB2_SYo0vTzbUQIxhn7HJxy5xH6jnlYNp6ZEuofzz3xHUAYQ2lQf__F3bnqZoiizJmEgB2c1wohAppZvQZDpN_bafGgx-client-id : MUSIC_APPx-wynk-did : 223f02b897ee0a22|Phone|Android|28|12605|1.22.0 resCode: 401 resMsg: {
  "timestamp": "2022-07-18T17:26:59.605+0000",
  "status": 401,
  "error": "Unauthorized",
  "message": "Unauthorized",
  "path": "/wynk/ads/v3/adsConfig"
}
 2022-07-18 22:56:59,570 [main] ERROR com.report.SentinelLogger - <a href='./comparatorReport//compareResult_8840416e-d7f2-4c75-a377-c036c11614b0.html'>HTTP status check failure</a>
 2022-07-18 22:57:09,953 [main] ERROR com.airtel.helper.report.ReportHelper - Unable to close result file - org.influxdb.InfluxDBIOException: java.net.SocketTimeoutException: connect timed out
 AyNjA1LCJqdGkiOiIyYmMxNzNjZi01MTI3LTRiNmMtYTIzZi1iZDFiZjg3NWUzYzAifQ.kNuViP4rTtWQXsQkMzP8pRsZaKaRTO68FDuv1PErw2cT4OmBJtUBhBhQKPoudrTf_8F7DYnZK2Io65_lPARceCzJ2CQ90o6zZQtm2OP2N6yh3sZhTAULUzXJrYbg_A1drdSANLox7dkGkHnqailvb9KylBAnUrjBcif7kiEx_LMFyjzSAmYivXfb5XIWxya15nw5TfhiG5Ol3UV4_pDB9wWzwmxLF-Fv9l9wUx5kr3gtyDxRdhwiOvV-Bh9vB2_SYo0vTzbUQIxhn7HJxy5xH6jnlYNp6ZEuofzz3xHUAYQ2lQf__F3bnqZoiizJmEgB2c1wohAppZvQZDpN_bafGgx-client-id : MUSIC_APPx-wynk-did : 223f02b897ee0a22|Phone|Android|28|12605|1.22.0 resCode: 401 resMsg: {
  "timestamp": "2022-07-18T17:26:58.523+0000",
  "status": 401,
  "error": "Unauthorized",
  "message": "Unauthorized",
  "path": "/wynk/ads/v3/adsConfig"
}
 2022-07-18 22:56:58,610 [main] ERROR com.airtel.helper.report.ComparatorReportGenerator - Error with compartor report creationjava.io.FileNotFoundException: null/comparatorReport/compareResult_67d28412-3dfb-4943-9df3-a66ba9bbc426.html (No such file or directory)
 2022-07-18 22:56:58,614 [main] ERROR com.airtel.helper.report.ComparatorReportGenerator - Error with adding Html reportjava.io.FileNotFoundException: null/comparatorReport/compareResult_67d28412-3dfb-4943-9df3-a66ba9bbc426.html (No such file or directory)
 2022-07-18 22:56:58,614 [main] ERROR com.airtel.helper.report.ComparatorReportGenerator - Not able to close reportjava.io.FileNotFoundException: null/comparatorReport/compareResult_67d28412-3dfb-4943-9df3-a66ba9bbc426.html (No such file or directory)
 2022-07-18 22:56:58,615 [main] ERROR com.airtel.helper.report.ReportHelper - Append to HTML failed - [Ljava.lang.StackTraceElement;@763cf5b9
 2022-07-18 22:56:58,615 [main] ERROR com.report.SentinelLogger - <a href='./comparatorReport//compareResult_67d28412-3dfb-4943-9df3-a66ba9bbc426.html'>HTTP status check failure</a>
 2022-07-18 22:56:58,917 [main] ERROR com.airtel.helper.report.ReportHelper - Unable to close result file - java.lang.NullPointerException
 2022-07-18 22:57:03,457 [main] ERROR com.airtel.helper.logging.AirtelLoggingMgr - [Ljava.lang.StackTraceElement;@4f49f6af
 2022-07-18 22:57:05,788 [main] INFO com.report.SentinelLogger - hosturl= https://adconfig.wynk.in/wynk/ads/v3/adsConfig headers= x-auth-token : Bearer eyJhbGciOiJSUzI1NiJ9.eyJpc3MiOiJ1c2VyLXRhcmdldGluZy1hcGktcHJvZCIsInN1YiI6ImZWUm5VNUxsaExOdTNsTk5MMCIsImdhIjpbIlJFQURfQUNDRVNTIl0sImV4cCI6MTY1NTI3NTQwNSwiaWF0IjoxNjU1MTAyNjA1LCJqdGkiOiIyYmMxNzNjZi01MTI3LTRiNmMtYTIzZi1iZDFiZjg3NWUzYzAifQ.kNuViP4rTtWQXsQkMzP8pRsZaKaRTO68FDuv1PErw2cT4OmBJtUBhBhQKPoudrTf_8F7DYnZK2Io65_lPARceCzJ2CQ90o6zZQtm2OP2N6yh3sZhTAULUzXJrYbg_A1drdSANLox7dkGkHnqailvb9KylBAnUrjBcif7kiEx_LMFyjzSAmYivXfb5XIWxya15nw5TfhiG5Ol3UV4_pDB9wWzwmxLF-Fv9l9wUx5kr3gtyDxRdhwiOvV-Bh9vB2_SYo0vTzbUQIxhn7HJxy5xH6jnlYNp6ZEuofzz3xHUAYQ2lQf__F3bnqZoiizJmEgB2c1wohAppZvQZDpN_bafGgx-client-id : MUSIC_APPx-wynk-did : 223f02b897ee0a22|Phone|Android|28|12605|1.22.0 resCode: 401 resMsg: {
  "timestamp": "2022-07-18T17:27:05.887+0000",
  "status": 401,
  "error": "Unauthorized",
  "message": "Unauthorized",
  "path": "/wynk/ads/v3/adsConfig"
}
 2022-07-18 22:57:05,793 [main] ERROR com.report.SentinelLogger - <a href='./comparatorReport//compareResult_be32c361-bd91-4318-901e-0b44b3da572e.html'>HTTP status check failure</a>
 2022-07-18 22:57:16,038 [main] ERROR com.airtel.helper.report.ReportHelper - Unable to close result file - org.influxdb.InfluxDBIOException: java.net.SocketTimeoutException: connect timed out
 2022-07-18 23:01:12,997 [main] ERROR com.airtel.helper.logging.AirtelLoggingMgr - [Ljava.lang.StackTraceElement;@4f49f6af
 2022-07-18 23:01:15,242 [main] INFO com.report.SentinelLogger - hosturl= https://adconfig.wynk.in/api/v1/authenticate headers= x-wynk-did : 53d7b77257fd991c|Phone|Android|28|12605|1.22.0x-bsy-utkn : hDN1MYuq6nS5JsvAd0:cILQkGI02VrmzsyIex0KB2ST2LI= resCode: 401 resMsg: {
  "timestamp": "2022-07-18T17:31:15.333+0000",
  "status": 401,
  "error": "Unauthorized",
  "message": "Unauthorized",
  "path": "/api/v1/authenticate"
}
 2022-07-18 23:01:25,482 [main] ERROR com.airtel.helper.report.ReportHelper - Unable to close result file - org.influxdb.InfluxDBIOException: java.net.SocketTimeoutException: connect timed out
 2022-07-18 23:02:18,864 [main] ERROR com.airtel.helper.logging.AirtelLoggingMgr - [Ljava.lang.StackTraceElement;@4f49f6af
 2022-07-18 23:02:21,034 [main] INFO com.report.SentinelLogger - hosturl= https://adconfig.wynk.in/api/v1/authenticate headers= x-wynk-did : 53d7b77257fd991c|Phone|Android|28|12605|1.22.0x-wynk-utkn : fVRnU5LlhLNu3lNNL0:lCp6NPX5H2T1zGnYDxuR4j+3U4s= resCode: 401 resMsg: {
  "timestamp": "2022-07-18T17:32:21.131+0000",
  "status": 401,
  "error": "Unauthorized",
  "message": "Unauthorized",
  "path": "/api/v1/authenticate"
}
 2022-07-18 23:02:31,257 [main] ERROR com.airtel.helper.report.ReportHelper - Unable to close result file - org.influxdb.InfluxDBIOException: java.net.SocketTimeoutException: connect timed out
 2022-07-18 23:02:46,380 [main] ERROR com.airtel.helper.logging.AirtelLoggingMgr - [Ljava.lang.StackTraceElement;@4f49f6af
 2022-07-18 23:02:51,511 [main] INFO com.report.SentinelLogger - hosturl= https://adconfig.wynk.in/api/v1/authenticate headers= x-wynk-did : 223f02b897ee0a22|Phone|Android|28|12605|1.22.0x-wynk-utkn : fVRnU5LlhLNu3lNNL0:lCp6NPX5H2T1zGnYDxuR4j+3U4s= resCode: 401 resMsg: {
  "timestamp": "2022-07-18T17:32:51.594+0000",
  "status": 401,
  "error": "Unauthorized",
  "message": "Unauthorized",
  "path": "/api/v1/authenticate"
}
 2022-07-18 23:03:01,751 [main] ERROR com.airtel.helper.report.ReportHelper - Unable to close result file - org.influxdb.InfluxDBIOException: java.net.SocketTimeoutException: connect timed out
 2022-07-18 23:03:09,005 [main] ERROR com.airtel.helper.logging.AirtelLoggingMgr - [Ljava.lang.StackTraceElement;@4f49f6af
 2022-07-18 23:03:10,962 [main] INFO com.report.SentinelLogger - hosturl= https://adconfig.wynk.in/api/v1/authenticate headers= x-wynk-did : 223f02b897ee0a22|Phone|Android|28|12605|1.22.0x-wynk-utkn : fVRnU5LlhLNu3lNNL0:lCp6NPX5H2T1zGnYDxuR4j+3U4s= resCode: 401 resMsg: {
  "timestamp": "2022-07-18T17:33:11.053+0000",
  "status": 401,
  "error": "Unauthorized",
  "message": "Unauthorized",
  "path": "/api/v1/authenticate"
}
 2022-07-18 23:03:21,172 [main] ERROR com.airtel.helper.report.ReportHelper - Unable to close result file - org.influxdb.InfluxDBIOException: java.net.SocketTimeoutException: connect timed out
 2022-07-18 23:05:48,137 [main] ERROR com.airtel.helper.logging.AirtelLoggingMgr - [Ljava.lang.StackTraceElement;@4f49f6af
 2022-07-18 23:05:53,211 [main] INFO com.report.SentinelLogger - hosturl= https://adconfig.wynk.in/api/v1/authenticate headers= x-wynk-did : 223f02b897ee0a22|Phone|Android|28|12605|1.22.0x-wynk-utkn : fVRnU5LlhLNu3lNNL0:lCp6NPX5H2T1zGnYDxuR4j+3U4s= resCode: 401 resMsg: {
  "timestamp": "2022-07-18T17:35:53.289+0000",
  "status": 401,
  "error": "Unauthorized",
  "message": "Unauthorized",
  "path": "/api/v1/authenticate"
}
 2022-07-18 23:06:03,497 [main] ERROR com.airtel.helper.report.ReportHelper - Unable to close result file - org.influxdb.InfluxDBIOException: java.net.SocketTimeoutException: connect timed out
 2022-07-18 23:08:39,336 [main] ERROR com.airtel.helper.logging.AirtelLoggingMgr - [Ljava.lang.StackTraceElement;@4f49f6af
 2022-07-18 23:08:44,698 [main] INFO com.report.SentinelLogger - hosturl= https://adconfig.wynk.in/api/v1/authenticate headers= x-wynk-did : 223f02b897ee0a22|Phone|Android|28|12605|1.22.0x-wynk-utkn : fVRnU5LlhLNu3lNNL0:lCp6NPX5H2T1zGnYDxuR4j+3U4s= resCode: 200 resMsg: 
 2022-07-18 23:08:54,931 [main] ERROR com.airtel.helper.report.ReportHelper - Unable to close result file - org.influxdb.InfluxDBIOException: java.net.SocketTimeoutException: connect timed out
 2022-07-18 23:09:11,256 [main] ERROR com.airtel.helper.logging.AirtelLoggingMgr - [Ljava.lang.StackTraceElement;@4f49f6af
 2022-07-18 23:09:13,309 [main] INFO com.report.SentinelLogger - hosturl= https://adconfig.wynk.in/api/v1/authenticate headers= x-wynk-did : 223f02b897ee0a22|Phone|Android|28|12605|1.22.0x-wynk-utkn : fVRnU5LlhLNu3lNNL0:lCp6NPX5H2T1zGnYDxuR4j+3U4s= resCode: 200 resMsg: 
 2022-07-18 23:09:23,510 [main] ERROR com.airtel.helper.report.ReportHelper - Unable to close result file - org.influxdb.InfluxDBIOException: java.net.SocketTimeoutException: connect timed out
 